#-----------------------------------------------------------
# Vivado v2022.2 (64-bit)
# SW Build 3671981 on Fri Oct 14 05:00:03 MDT 2022
# IP Build 3669848 on Fri Oct 14 08:30:02 MDT 2022
# Start of session at: Thu Aug 24 14:55:30 2023
# Process ID: 11072
# Current directory: C:/Users/Njfre/Downloads/U55C_SPAR.xpr/U55C_SPAR_Ready/U55C_SPAR
# Command line: vivado.exe -gui_launcher_event rodinguilauncherevent12488 C:\Users\Njfre\Downloads\U55C_SPAR.xpr\U55C_SPAR_Ready\U55C_SPAR\U55C_SPAR.xpr
# Log file: C:/Users/Njfre/Downloads/U55C_SPAR.xpr/U55C_SPAR_Ready/U55C_SPAR/vivado.log
# Journal file: C:/Users/Njfre/Downloads/U55C_SPAR.xpr/U55C_SPAR_Ready/U55C_SPAR\vivado.jou
# Running On: Nathan_Macbook, OS: Windows, CPU Frequency: 2995 MHz, CPU Physical cores: 14, Host memory: 16788 MB
#-----------------------------------------------------------
start_gui
open_project C:/Users/Njfre/Downloads/U55C_SPAR.xpr/U55C_SPAR_Ready/U55C_SPAR/U55C_SPAR.xpr
WARNING: [Board 49-26] cannot add Board Part xilinx.com:vek280_es:part0:1.0 available at D:/Xilinx2022/Vivado/2022.2/data/xhub/boards/XilinxBoardStore/boards/Xilinx/vek280/es/1.0/board.xml as part xcve2802-vsvh1760-2lp-e-s-es1 specified in board_part file is either invalid or not available
WARNING: [Board 49-26] cannot add Board Part xilinx.com:vhk158_es:part0:1.0 available at D:/Xilinx2022/Vivado/2022.2/data/xhub/boards/XilinxBoardStore/boards/Xilinx/vhk158/es/1.0/board.xml as part xcvh1582-vsva3697-2mp-e-s-es1 specified in board_part file is either invalid or not available
WARNING: [Board 49-26] cannot add Board Part xilinx.com:vpk120_es:part0:1.2 available at D:/Xilinx2022/Vivado/2022.2/data/xhub/boards/XilinxBoardStore/boards/Xilinx/vpk120/es/1.2/board.xml as part xcvp1202-vsva2785-2mp-e-s-es1 specified in board_part file is either invalid or not available
WARNING: [Board 49-26] cannot add Board Part xilinx.com:vpk120_es_revb:part0:1.0 available at D:/Xilinx2022/Vivado/2022.2/data/xhub/boards/XilinxBoardStore/boards/Xilinx/vpk120_revb/es/1.0/board.xml as part xcvp1202-vsva2785-2mp-e-s-es1 specified in board_part file is either invalid or not available
WARNING: [Board 49-26] cannot add Board Part xilinx.com:vpk180_es:part0:1.0 available at D:/Xilinx2022/Vivado/2022.2/data/xhub/boards/XilinxBoardStore/boards/Xilinx/vpk180/es/1.0/board.xml as part xcvp1802-lsvc4072-2mp-e-s-es1 specified in board_part file is either invalid or not available
WARNING: [Board 49-26] cannot add Board Part xilinx.com:zcu208ld:part0:2.0 available at D:/Xilinx2022/Vivado/2022.2/data/xhub/boards/XilinxBoardStore/boards/Xilinx/zcu208ld/production/2.0/board.xml as part xczu58dr-fsvg1517-2-i specified in board_part file is either invalid or not available
WARNING: [Board 49-26] cannot add Board Part xilinx.com:zcu216ld:part0:2.0 available at D:/Xilinx2022/Vivado/2022.2/data/xhub/boards/XilinxBoardStore/boards/Xilinx/zcu216ld/production/2.0/board.xml as part xczu59dr-ffvf1760-2-i specified in board_part file is either invalid or not available
WARNING: [Board 49-26] cannot add Board Part xilinx.com:zcu670:part0:2.0 available at D:/Xilinx2022/Vivado/2022.2/data/xhub/boards/XilinxBoardStore/boards/Xilinx/zcu670/2.0/board.xml as part xczu67dr-fsve1156-2-i specified in board_part file is either invalid or not available
WARNING: [Board 49-26] cannot add Board Part xilinx.com:zcu670ld:part0:1.0 available at D:/Xilinx2022/Vivado/2022.2/data/xhub/boards/XilinxBoardStore/boards/Xilinx/zcu670ld/1.0/board.xml as part xczu57dr-fsve1156-2-i specified in board_part file is either invalid or not available
WARNING: [filemgmt 56-3] IP Repository Path: Could not find the directory 'C:/Users/Njfre/Downloads/U55C_SPAR.xpr/U55C_SPAR_Ready/ZCU_104_SPAR/ZCU_104_SPAR.ipdefs/uark.edu_user_mySPAR_v1_1.0_0'.
CRITICAL WARNING: [Project 1-19] Could not find the file 'C:/Users/Njfre/Downloads/U55C_SPAR.xpr/U55C_SPAR_Ready/ZCU_104_SPAR/archive_project_summary.txt'.
Scanning sources...
Finished scanning sources
