
*** Running vivado
    with args -log config_mpsoc_xbar_7.vds -m64 -product Vivado -mode batch -messageDb vivado.pb -notrace -source config_mpsoc_xbar_7.tcl



****** Vivado v2022.2 (64-bit)
  **** SW Build 3671981 on Fri Oct 14 05:00:03 MDT 2022
  **** IP Build 3669848 on Fri Oct 14 08:30:02 MDT 2022
    ** Copyright 1986-2022 Xilinx, Inc. All Rights Reserved.

source config_mpsoc_xbar_7.tcl -notrace
INFO: [IP_Flow 19-234] Refreshing IP repositories
INFO: [IP_Flow 19-1700] Loaded user IP repository 'c:/Users/Njfre/Downloads/U55C_SPAR.xpr/U55C_SPAR_Ready/ZCU_104_SPAR/ZCU_104_SPAR.ipdefs/uark.edu_user_mySPAR_v1_1.0_0'.
INFO: [IP_Flow 19-2313] Loaded Vivado IP repository 'D:/Xilinx2022/Vivado/2022.2/data/ip'.
WARNING: [IP_Flow 19-4995] The host OS only allows 260 characters in a normal path. The IP cache path is more than 80 characters. If you experience issues with IP caching, please consider changing the IP cache to a location with a shorter path. Alternately consider using the OS subst command to map part of the path to a drive letter. 
Current IP cache path is c:/Users/Njfre/Downloads/U55C_SPAR.xpr/U55C_SPAR_Ready/ZCU_104_SPAR/ZCU_104_SPAR.cache/ip 
INFO: [IP_Flow 19-6924] IPCACHE: Running cache check for IP inst: config_mpsoc_xbar_7
INFO: [IP_Flow 19-6922] IPCACHE: Exporting cached entry dbc533429b077e93 to dir: C:/Users/Njfre/Downloads/U55C_SPAR.xpr/U55C_SPAR_Ready/ZCU_104_SPAR/ZCU_104_SPAR.runs/config_mpsoc_xbar_7_synth_1
INFO: [IP_Flow 19-6928] IPCACHE: copied cached file c:/Users/Njfre/Downloads/U55C_SPAR.xpr/U55C_SPAR_Ready/ZCU_104_SPAR/ZCU_104_SPAR.cache/ip/2022.2/d/b/dbc533429b077e93/config_mpsoc_xbar_7.dcp to C:/Users/Njfre/Downloads/U55C_SPAR.xpr/U55C_SPAR_Ready/ZCU_104_SPAR/ZCU_104_SPAR.runs/config_mpsoc_xbar_7_synth_1/config_mpsoc_xbar_7.dcp.
INFO: [IP_Flow 19-6928] IPCACHE: copied cached file c:/Users/Njfre/Downloads/U55C_SPAR.xpr/U55C_SPAR_Ready/ZCU_104_SPAR/ZCU_104_SPAR.cache/ip/2022.2/d/b/dbc533429b077e93/config_mpsoc_xbar_7_sim_netlist.v to C:/Users/Njfre/Downloads/U55C_SPAR.xpr/U55C_SPAR_Ready/ZCU_104_SPAR/ZCU_104_SPAR.runs/config_mpsoc_xbar_7_synth_1/config_mpsoc_xbar_7_sim_netlist.v.
INFO: [IP_Flow 19-6928] IPCACHE: copied cached file c:/Users/Njfre/Downloads/U55C_SPAR.xpr/U55C_SPAR_Ready/ZCU_104_SPAR/ZCU_104_SPAR.cache/ip/2022.2/d/b/dbc533429b077e93/config_mpsoc_xbar_7_sim_netlist.vhdl to C:/Users/Njfre/Downloads/U55C_SPAR.xpr/U55C_SPAR_Ready/ZCU_104_SPAR/ZCU_104_SPAR.runs/config_mpsoc_xbar_7_synth_1/config_mpsoc_xbar_7_sim_netlist.vhdl.
INFO: [IP_Flow 19-6928] IPCACHE: copied cached file c:/Users/Njfre/Downloads/U55C_SPAR.xpr/U55C_SPAR_Ready/ZCU_104_SPAR/ZCU_104_SPAR.cache/ip/2022.2/d/b/dbc533429b077e93/config_mpsoc_xbar_7_stub.v to C:/Users/Njfre/Downloads/U55C_SPAR.xpr/U55C_SPAR_Ready/ZCU_104_SPAR/ZCU_104_SPAR.runs/config_mpsoc_xbar_7_synth_1/config_mpsoc_xbar_7_stub.v.
INFO: [IP_Flow 19-6928] IPCACHE: copied cached file c:/Users/Njfre/Downloads/U55C_SPAR.xpr/U55C_SPAR_Ready/ZCU_104_SPAR/ZCU_104_SPAR.cache/ip/2022.2/d/b/dbc533429b077e93/config_mpsoc_xbar_7_stub.vhdl to C:/Users/Njfre/Downloads/U55C_SPAR.xpr/U55C_SPAR_Ready/ZCU_104_SPAR/ZCU_104_SPAR.runs/config_mpsoc_xbar_7_synth_1/config_mpsoc_xbar_7_stub.vhdl.
INFO: [IP_Flow 19-4838] Using cached IP synthesis design for IP config_mpsoc_xbar_7, cache-ID = dbc533429b077e93.
INFO: [Common 17-206] Exiting Vivado at Thu Aug 24 14:21:16 2023...
